This file contains any messages produced by compilers while
running configure, to aid debugging if configure makes a mistake.

It was created by libatasmart configure 0.19, which was
generated by GNU Autoconf 2.69.  Invocation command line was

  $ ./configure 

## --------- ##
## Platform. ##
## --------- ##

hostname = finx28
uname -m = i686
uname -r = 3.10.17-finx-rt12-generic-nort
uname -s = Linux
uname -v = #11 SMP PREEMPT Tue Jun 27 13:41:11 GMT+1 2017

/usr/bin/uname -p = Intel(R) Core(TM) i5 CPU 750 @ 2.67GHz
/bin/uname -X     = unknown

/bin/arch              = unknown
/usr/bin/arch -k       = unknown
/usr/convex/getsysinfo = unknown
/usr/bin/hostinfo      = unknown
/bin/machine           = unknown
/usr/bin/oslevel       = unknown
/bin/universe          = unknown

PATH: /usr/local/sbin
PATH: /usr/local/bin
PATH: /usr/sbin
PATH: /usr/bin
PATH: /sbin
PATH: /bin
PATH: /opt/bin
PATH: /usr/i686-pc-linux-gnu/gcc-bin/4.6.3
PATH: /usr/i686-pc-linux-gnu/x86_64-pc-linux-gnu/gcc-bin/4.7.3
PATH: /usr/lib/subversion/bin
PATH: /root/FLID3-Gen


## ----------- ##
## Core tests. ##
## ----------- ##

configure:2294: checking for a BSD-compatible install
configure:2362: result: /usr/bin/install -c
configure:2373: checking whether build environment is sane
configure:2428: result: yes
configure:2579: checking for a thread-safe mkdir -p
configure:2618: result: /bin/mkdir -p
configure:2625: checking for gawk
configure:2641: found /usr/bin/gawk
configure:2652: result: gawk
configure:2663: checking whether make sets $(MAKE)
configure:2685: result: yes
configure:2714: checking whether make supports nested variables
configure:2731: result: yes
configure:2805: checking how to create a pax tar archive
configure:2818: tar --version
tar (GNU tar) 1.26
Copyright (C) 2011 Free Software Foundation, Inc.
License GPLv3+: GNU GPL version 3 or later <http://gnu.org/licenses/gpl.html>.
This is free software: you are free to change and redistribute it.
There is NO WARRANTY, to the extent permitted by law.

Written by John Gilmore and Jay Fenlason.
configure:2821: $? = 0
configure:2861: tardir=conftest.dir && eval tar --format=posix -chf - "$tardir" >conftest.tar
configure:2864: $? = 0
configure:2868: tar -xf - <conftest.tar
configure:2871: $? = 0
configure:2884: result: gnutar
configure:2902: checking whether make supports nested variables
configure:2919: result: yes
configure:2988: checking for gcc
configure:3004: found /usr/bin/gcc
configure:3015: result: gcc
configure:3244: checking for C compiler version
configure:3253: gcc --version >&5
gcc (Gentoo 4.6.3 p1.13, pie-0.5.2) 4.6.3
Copyright (C) 2011 Free Software Foundation, Inc.
This is free software; see the source for copying conditions.  There is NO
warranty; not even for MERCHANTABILITY or FITNESS FOR A PARTICULAR PURPOSE.

configure:3264: $? = 0
configure:3253: gcc -v >&5
Using built-in specs.
COLLECT_GCC=/usr/i686-pc-linux-gnu/gcc-bin/4.6.3/gcc
COLLECT_LTO_WRAPPER=/usr/libexec/gcc/i686-pc-linux-gnu/4.6.3/lto-wrapper
Target: i686-pc-linux-gnu
Configured with: /var/tmp/portage/sys-devel/gcc-4.6.3/work/gcc-4.6.3/configure --prefix=/usr --bindir=/usr/i686-pc-linux-gnu/gcc-bin/4.6.3 --includedir=/usr/lib/gcc/i686-pc-linux-gnu/4.6.3/include --datadir=/usr/share/gcc-data/i686-pc-linux-gnu/4.6.3 --mandir=/usr/share/gcc-data/i686-pc-linux-gnu/4.6.3/man --infodir=/usr/share/gcc-data/i686-pc-linux-gnu/4.6.3/info --with-gxx-include-dir=/usr/lib/gcc/i686-pc-linux-gnu/4.6.3/include/g++-v4 --host=i686-pc-linux-gnu --build=i686-pc-linux-gnu --disable-altivec --disable-fixed-point --without-cloog --without-ppl --disable-lto --enable-nls --without-included-gettext --with-system-zlib --enable-obsolete --disable-werror --enable-secureplt --disable-multilib --enable-libmudflap --disable-libssp --enable-libgomp --with-python-dir=/share/gcc-data/i686-pc-linux-gnu/4.6.3/python --enable-checking=release --disable-libgcj --enable-libstdcxx-time --with-arch=i686 --enable-languages=c,c++,fortran --enable-shared --enable-threads=posix --enable-__cxa_atexit --enable-clocale=gnu --enable-targets=all --with-bugurl=http://bugs.gentoo.org/ --with-pkgversion='Gentoo 4.6.3 p1.13, pie-0.5.2'
Thread model: posix
gcc version 4.6.3 (Gentoo 4.6.3 p1.13, pie-0.5.2) 
configure:3264: $? = 0
configure:3253: gcc -V >&5
gcc: error: unrecognized option '-V'
gcc: fatal error: no input files
compilation terminated.
configure:3264: $? = 1
configure:3253: gcc -qversion >&5
gcc: error: unrecognized option '-qversion'
gcc: fatal error: no input files
compilation terminated.
configure:3264: $? = 1
configure:3284: checking whether the C compiler works
configure:3306: gcc    conftest.c  >&5
configure:3310: $? = 0
configure:3358: result: yes
configure:3361: checking for C compiler default output file name
configure:3363: result: a.out
configure:3369: checking for suffix of executables
configure:3376: gcc -o conftest    conftest.c  >&5
configure:3380: $? = 0
configure:3402: result: 
configure:3424: checking whether we are cross compiling
configure:3432: gcc -o conftest    conftest.c  >&5
configure:3436: $? = 0
configure:3443: ./conftest
configure:3447: $? = 0
configure:3462: result: no
configure:3467: checking for suffix of object files
configure:3489: gcc -c   conftest.c >&5
configure:3493: $? = 0
configure:3514: result: o
configure:3518: checking whether we are using the GNU C compiler
configure:3537: gcc -c   conftest.c >&5
configure:3537: $? = 0
configure:3546: result: yes
configure:3555: checking whether gcc accepts -g
configure:3575: gcc -c -g  conftest.c >&5
configure:3575: $? = 0
configure:3616: result: yes
configure:3633: checking for gcc option to accept ISO C89
configure:3696: gcc  -c -g -O2  conftest.c >&5
configure:3696: $? = 0
configure:3709: result: none needed
configure:3740: checking for style of include used by make
configure:3768: result: GNU
configure:3794: checking dependency style of gcc
configure:3905: result: gcc3
configure:3920: checking for gcc option to accept ISO C99
configure:4069: gcc  -c -g -O2  conftest.c >&5
conftest.c:61:29: error: expected ';', ',' or ')' before 'text'
conftest.c: In function 'main':
conftest.c:115:18: error: expected '=', ',', ';', 'asm' or '__attribute__' before 'newvar'
conftest.c:115:18: error: 'newvar' undeclared (first use in this function)
conftest.c:115:18: note: each undeclared identifier is reported only once for each function it appears in
conftest.c:125:3: error: 'for' loop initial declarations are only allowed in C99 mode
conftest.c:125:3: note: use option -std=c99 or -std=gnu99 to compile your code
configure:4069: $? = 1
configure: failed program was:
| /* confdefs.h */
| #define PACKAGE_NAME "libatasmart"
| #define PACKAGE_TARNAME "libatasmart"
| #define PACKAGE_VERSION "0.19"
| #define PACKAGE_STRING "libatasmart 0.19"
| #define PACKAGE_BUGREPORT "mzyvongnfzneg (at) 0pointer (dot) net"
| #define PACKAGE_URL "http://git.0pointer.de/?p=libatasmart.git"
| #define PACKAGE "libatasmart"
| #define VERSION "0.19"
| /* end confdefs.h.  */
| #include <stdarg.h>
| #include <stdbool.h>
| #include <stdlib.h>
| #include <wchar.h>
| #include <stdio.h>
| 
| // Check varargs macros.  These examples are taken from C99 6.10.3.5.
| #define debug(...) fprintf (stderr, __VA_ARGS__)
| #define showlist(...) puts (#__VA_ARGS__)
| #define report(test,...) ((test) ? puts (#test) : printf (__VA_ARGS__))
| static void
| test_varargs_macros (void)
| {
|   int x = 1234;
|   int y = 5678;
|   debug ("Flag");
|   debug ("X = %d\n", x);
|   showlist (The first, second, and third items.);
|   report (x>y, "x is %d but y is %d", x, y);
| }
| 
| // Check long long types.
| #define BIG64 18446744073709551615ull
| #define BIG32 4294967295ul
| #define BIG_OK (BIG64 / BIG32 == 4294967297ull && BIG64 % BIG32 == 0)
| #if !BIG_OK
|   your preprocessor is broken;
| #endif
| #if BIG_OK
| #else
|   your preprocessor is broken;
| #endif
| static long long int bignum = -9223372036854775807LL;
| static unsigned long long int ubignum = BIG64;
| 
| struct incomplete_array
| {
|   int datasize;
|   double data[];
| };
| 
| struct named_init {
|   int number;
|   const wchar_t *name;
|   double average;
| };
| 
| typedef const char *ccp;
| 
| static inline int
| test_restrict (ccp restrict text)
| {
|   // See if C++-style comments work.
|   // Iterate through items via the restricted pointer.
|   // Also check for declarations in for loops.
|   for (unsigned int i = 0; *(text+i) != '\0'; ++i)
|     continue;
|   return 0;
| }
| 
| // Check varargs and va_copy.
| static void
| test_varargs (const char *format, ...)
| {
|   va_list args;
|   va_start (args, format);
|   va_list args_copy;
|   va_copy (args_copy, args);
| 
|   const char *str;
|   int number;
|   float fnumber;
| 
|   while (*format)
|     {
|       switch (*format++)
| 	{
| 	case 's': // string
| 	  str = va_arg (args_copy, const char *);
| 	  break;
| 	case 'd': // int
| 	  number = va_arg (args_copy, int);
| 	  break;
| 	case 'f': // float
| 	  fnumber = va_arg (args_copy, double);
| 	  break;
| 	default:
| 	  break;
| 	}
|     }
|   va_end (args_copy);
|   va_end (args);
| }
| 
| int
| main ()
| {
| 
|   // Check bool.
|   _Bool success = false;
| 
|   // Check restrict.
|   if (test_restrict ("String literal") == 0)
|     success = true;
|   char *restrict newvar = "Another string";
| 
|   // Check varargs.
|   test_varargs ("s, d' f .", "string", 65, 34.234);
|   test_varargs_macros ();
| 
|   // Check flexible array members.
|   struct incomplete_array *ia =
|     malloc (sizeof (struct incomplete_array) + (sizeof (double) * 10));
|   ia->datasize = 10;
|   for (int i = 0; i < ia->datasize; ++i)
|     ia->data[i] = i * 1.234;
| 
|   // Check named initializers.
|   struct named_init ni = {
|     .number = 34,
|     .name = L"Test wide string",
|     .average = 543.34343,
|   };
| 
|   ni.number = 58;
| 
|   int dynamic_array[ni.number];
|   dynamic_array[ni.number - 1] = 543;
| 
|   // work around unused variable warnings
|   return (!success || bignum == 0LL || ubignum == 0uLL || newvar[0] == 'x'
| 	  || dynamic_array[ni.number - 1] != 543);
| 
|   ;
|   return 0;
| }
configure:4069: gcc -std=gnu99 -c -g -O2  conftest.c >&5
configure:4069: $? = 0
configure:4089: result: -std=gnu99
configure:4098: checking whether gcc -std=gnu99 and cc understand -c and -o together
configure:4129: gcc -std=gnu99 -c conftest.c -o conftest2.o >&5
configure:4133: $? = 0
configure:4139: gcc -std=gnu99 -c conftest.c -o conftest2.o >&5
configure:4143: $? = 0
configure:4154: cc -c conftest.c >&5
configure:4158: $? = 0
configure:4166: cc -c conftest.c -o conftest2.o >&5
configure:4170: $? = 0
configure:4176: cc -c conftest.c -o conftest2.o >&5
configure:4180: $? = 0
configure:4198: result: yes
configure:4229: checking how to run the C preprocessor
configure:4260: gcc -std=gnu99 -E  conftest.c
configure:4260: $? = 0
configure:4274: gcc -std=gnu99 -E  conftest.c
conftest.c:11:28: fatal error: ac_nonexistent.h: No such file or directory
compilation terminated.
configure:4274: $? = 1
configure: failed program was:
| /* confdefs.h */
| #define PACKAGE_NAME "libatasmart"
| #define PACKAGE_TARNAME "libatasmart"
| #define PACKAGE_VERSION "0.19"
| #define PACKAGE_STRING "libatasmart 0.19"
| #define PACKAGE_BUGREPORT "mzyvongnfzneg (at) 0pointer (dot) net"
| #define PACKAGE_URL "http://git.0pointer.de/?p=libatasmart.git"
| #define PACKAGE "libatasmart"
| #define VERSION "0.19"
| /* end confdefs.h.  */
| #include <ac_nonexistent.h>
configure:4299: result: gcc -std=gnu99 -E
configure:4319: gcc -std=gnu99 -E  conftest.c
configure:4319: $? = 0
configure:4333: gcc -std=gnu99 -E  conftest.c
conftest.c:11:28: fatal error: ac_nonexistent.h: No such file or directory
compilation terminated.
configure:4333: $? = 1
configure: failed program was:
| /* confdefs.h */
| #define PACKAGE_NAME "libatasmart"
| #define PACKAGE_TARNAME "libatasmart"
| #define PACKAGE_VERSION "0.19"
| #define PACKAGE_STRING "libatasmart 0.19"
| #define PACKAGE_BUGREPORT "mzyvongnfzneg (at) 0pointer (dot) net"
| #define PACKAGE_URL "http://git.0pointer.de/?p=libatasmart.git"
| #define PACKAGE "libatasmart"
| #define VERSION "0.19"
| /* end confdefs.h.  */
| #include <ac_nonexistent.h>
configure:4362: checking for grep that handles long lines and -e
configure:4420: result: /bin/grep
configure:4425: checking for egrep
configure:4487: result: /bin/grep -E
configure:4493: checking whether gcc -std=gnu99 needs -traditional
configure:4527: result: no
configure:4635: checking for ANSI C header files
configure:4655: gcc -std=gnu99 -c -g -O2  conftest.c >&5
configure:4655: $? = 0
configure:4728: gcc -std=gnu99 -o conftest -g -O2   conftest.c  >&5
configure:4728: $? = 0
configure:4728: ./conftest
configure:4728: $? = 0
configure:4739: result: yes
configure:4752: checking for sys/types.h
configure:4752: gcc -std=gnu99 -c -g -O2  conftest.c >&5
configure:4752: $? = 0
configure:4752: result: yes
configure:4752: checking for sys/stat.h
configure:4752: gcc -std=gnu99 -c -g -O2  conftest.c >&5
configure:4752: $? = 0
configure:4752: result: yes
configure:4752: checking for stdlib.h
configure:4752: gcc -std=gnu99 -c -g -O2  conftest.c >&5
configure:4752: $? = 0
configure:4752: result: yes
configure:4752: checking for string.h
configure:4752: gcc -std=gnu99 -c -g -O2  conftest.c >&5
configure:4752: $? = 0
configure:4752: result: yes
configure:4752: checking for memory.h
configure:4752: gcc -std=gnu99 -c -g -O2  conftest.c >&5
configure:4752: $? = 0
configure:4752: result: yes
configure:4752: checking for strings.h
configure:4752: gcc -std=gnu99 -c -g -O2  conftest.c >&5
configure:4752: $? = 0
configure:4752: result: yes
configure:4752: checking for inttypes.h
configure:4752: gcc -std=gnu99 -c -g -O2  conftest.c >&5
configure:4752: $? = 0
configure:4752: result: yes
configure:4752: checking for stdint.h
configure:4752: gcc -std=gnu99 -c -g -O2  conftest.c >&5
configure:4752: $? = 0
configure:4752: result: yes
configure:4752: checking for unistd.h
configure:4752: gcc -std=gnu99 -c -g -O2  conftest.c >&5
configure:4752: $? = 0
configure:4752: result: yes
configure:4765: checking minix/config.h usability
configure:4765: gcc -std=gnu99 -c -g -O2  conftest.c >&5
conftest.c:54:26: fatal error: minix/config.h: No such file or directory
compilation terminated.
configure:4765: $? = 1
configure: failed program was:
| /* confdefs.h */
| #define PACKAGE_NAME "libatasmart"
| #define PACKAGE_TARNAME "libatasmart"
| #define PACKAGE_VERSION "0.19"
| #define PACKAGE_STRING "libatasmart 0.19"
| #define PACKAGE_BUGREPORT "mzyvongnfzneg (at) 0pointer (dot) net"
| #define PACKAGE_URL "http://git.0pointer.de/?p=libatasmart.git"
| #define PACKAGE "libatasmart"
| #define VERSION "0.19"
| #define STDC_HEADERS 1
| #define HAVE_SYS_TYPES_H 1
| #define HAVE_SYS_STAT_H 1
| #define HAVE_STDLIB_H 1
| #define HAVE_STRING_H 1
| #define HAVE_MEMORY_H 1
| #define HAVE_STRINGS_H 1
| #define HAVE_INTTYPES_H 1
| #define HAVE_STDINT_H 1
| #define HAVE_UNISTD_H 1
| /* end confdefs.h.  */
| #include <stdio.h>
| #ifdef HAVE_SYS_TYPES_H
| # include <sys/types.h>
| #endif
| #ifdef HAVE_SYS_STAT_H
| # include <sys/stat.h>
| #endif
| #ifdef STDC_HEADERS
| # include <stdlib.h>
| # include <stddef.h>
| #else
| # ifdef HAVE_STDLIB_H
| #  include <stdlib.h>
| # endif
| #endif
| #ifdef HAVE_STRING_H
| # if !defined STDC_HEADERS && defined HAVE_MEMORY_H
| #  include <memory.h>
| # endif
| # include <string.h>
| #endif
| #ifdef HAVE_STRINGS_H
| # include <strings.h>
| #endif
| #ifdef HAVE_INTTYPES_H
| # include <inttypes.h>
| #endif
| #ifdef HAVE_STDINT_H
| # include <stdint.h>
| #endif
| #ifdef HAVE_UNISTD_H
| # include <unistd.h>
| #endif
| #include <minix/config.h>
configure:4765: result: no
configure:4765: checking minix/config.h presence
configure:4765: gcc -std=gnu99 -E  conftest.c
conftest.c:21:26: fatal error: minix/config.h: No such file or directory
compilation terminated.
configure:4765: $? = 1
configure: failed program was:
| /* confdefs.h */
| #define PACKAGE_NAME "libatasmart"
| #define PACKAGE_TARNAME "libatasmart"
| #define PACKAGE_VERSION "0.19"
| #define PACKAGE_STRING "libatasmart 0.19"
| #define PACKAGE_BUGREPORT "mzyvongnfzneg (at) 0pointer (dot) net"
| #define PACKAGE_URL "http://git.0pointer.de/?p=libatasmart.git"
| #define PACKAGE "libatasmart"
| #define VERSION "0.19"
| #define STDC_HEADERS 1
| #define HAVE_SYS_TYPES_H 1
| #define HAVE_SYS_STAT_H 1
| #define HAVE_STDLIB_H 1
| #define HAVE_STRING_H 1
| #define HAVE_MEMORY_H 1
| #define HAVE_STRINGS_H 1
| #define HAVE_INTTYPES_H 1
| #define HAVE_STDINT_H 1
| #define HAVE_UNISTD_H 1
| /* end confdefs.h.  */
| #include <minix/config.h>
configure:4765: result: no
configure:4765: checking for minix/config.h
configure:4765: result: no
configure:4786: checking whether it is safe to define __EXTENSIONS__
configure:4804: gcc -std=gnu99 -c -g -O2  conftest.c >&5
configure:4804: $? = 0
configure:4811: result: yes
configure:4832: checking for special C compiler options needed for large files
configure:4877: result: no
configure:4883: checking for _FILE_OFFSET_BITS value needed for large files
configure:4908: gcc -std=gnu99 -c -g -O2  conftest.c >&5
conftest.c:32:3: warning: left shift count >= width of type [enabled by default]
conftest.c:32:3: warning: left shift count >= width of type [enabled by default]
conftest.c:33:10: warning: left shift count >= width of type [enabled by default]
conftest.c:33:10: warning: left shift count >= width of type [enabled by default]
conftest.c:32:7: error: size of array 'off_t_is_large' is negative
conftest.c:34:9: warning: variably modified 'off_t_is_large' at file scope [enabled by default]
configure:4908: $? = 1
configure: failed program was:
| /* confdefs.h */
| #define PACKAGE_NAME "libatasmart"
| #define PACKAGE_TARNAME "libatasmart"
| #define PACKAGE_VERSION "0.19"
| #define PACKAGE_STRING "libatasmart 0.19"
| #define PACKAGE_BUGREPORT "mzyvongnfzneg (at) 0pointer (dot) net"
| #define PACKAGE_URL "http://git.0pointer.de/?p=libatasmart.git"
| #define PACKAGE "libatasmart"
| #define VERSION "0.19"
| #define STDC_HEADERS 1
| #define HAVE_SYS_TYPES_H 1
| #define HAVE_SYS_STAT_H 1
| #define HAVE_STDLIB_H 1
| #define HAVE_STRING_H 1
| #define HAVE_MEMORY_H 1
| #define HAVE_STRINGS_H 1
| #define HAVE_INTTYPES_H 1
| #define HAVE_STDINT_H 1
| #define HAVE_UNISTD_H 1
| #define __EXTENSIONS__ 1
| #define _ALL_SOURCE 1
| #define _GNU_SOURCE 1
| #define _POSIX_PTHREAD_SEMANTICS 1
| #define _TANDEM_SOURCE 1
| /* end confdefs.h.  */
| #include <sys/types.h>
|  /* Check that off_t can represent 2**63 - 1 correctly.
|     We can't simply define LARGE_OFF_T to be 9223372036854775807,
|     since some C++ compilers masquerading as C compilers
|     incorrectly reject 9223372036854775807.  */
| #define LARGE_OFF_T (((off_t) 1 << 62) - 1 + ((off_t) 1 << 62))
|   int off_t_is_large[(LARGE_OFF_T % 2147483629 == 721
| 		       && LARGE_OFF_T % 2147483647 == 1)
| 		      ? 1 : -1];
| int
| main ()
| {
| 
|   ;
|   return 0;
| }
configure:4932: gcc -std=gnu99 -c -g -O2  conftest.c >&5
configure:4932: $? = 0
configure:4940: result: 64
configure:5072: checking if gcc -std=gnu99 supports flag -pipe in envvar CFLAGS
configure:5083: gcc -std=gnu99 -c -pipe  conftest.c >&5
configure:5083: $? = 0
configure:5092: result: yes
configure:5072: checking if gcc -std=gnu99 supports flag -Wall in envvar CFLAGS
configure:5083: gcc -std=gnu99 -c -Wall  conftest.c >&5
configure:5083: $? = 0
configure:5092: result: yes
configure:5072: checking if gcc -std=gnu99 supports flag -W in envvar CFLAGS
configure:5083: gcc -std=gnu99 -c -W  conftest.c >&5
configure:5083: $? = 0
configure:5092: result: yes
configure:5072: checking if gcc -std=gnu99 supports flag -Wextra in envvar CFLAGS
configure:5083: gcc -std=gnu99 -c -Wextra  conftest.c >&5
configure:5083: $? = 0
configure:5092: result: yes
configure:5072: checking if gcc -std=gnu99 supports flag -Winline in envvar CFLAGS
configure:5083: gcc -std=gnu99 -c -Winline  conftest.c >&5
configure:5083: $? = 0
configure:5092: result: yes
configure:5072: checking if gcc -std=gnu99 supports flag -Wvla in envvar CFLAGS
configure:5083: gcc -std=gnu99 -c -Wvla  conftest.c >&5
configure:5083: $? = 0
configure:5092: result: yes
configure:5072: checking if gcc -std=gnu99 supports flag -Wundef in envvar CFLAGS
configure:5083: gcc -std=gnu99 -c -Wundef  conftest.c >&5
configure:5083: $? = 0
configure:5092: result: yes
configure:5072: checking if gcc -std=gnu99 supports flag -Wformat=2 in envvar CFLAGS
configure:5083: gcc -std=gnu99 -c -Wformat=2  conftest.c >&5
configure:5083: $? = 0
configure:5092: result: yes
configure:5072: checking if gcc -std=gnu99 supports flag -Wlogical-op in envvar CFLAGS
configure:5083: gcc -std=gnu99 -c -Wlogical-op  conftest.c >&5
configure:5083: $? = 0
configure:5092: result: yes
configure:5072: checking if gcc -std=gnu99 supports flag -Wsign-compare in envvar CFLAGS
configure:5083: gcc -std=gnu99 -c -Wsign-compare  conftest.c >&5
configure:5083: $? = 0
configure:5092: result: yes
configure:5072: checking if gcc -std=gnu99 supports flag -Wformat-security in envvar CFLAGS
configure:5083: gcc -std=gnu99 -c -Wformat-security  conftest.c >&5
configure:5083: $? = 0
configure:5092: result: yes
configure:5072: checking if gcc -std=gnu99 supports flag -Wmissing-include-dirs in envvar CFLAGS
configure:5083: gcc -std=gnu99 -c -Wmissing-include-dirs  conftest.c >&5
configure:5083: $? = 0
configure:5092: result: yes
configure:5072: checking if gcc -std=gnu99 supports flag -Wformat-nonliteral in envvar CFLAGS
configure:5083: gcc -std=gnu99 -c -Wformat-nonliteral  conftest.c >&5
configure:5083: $? = 0
configure:5092: result: yes
configure:5072: checking if gcc -std=gnu99 supports flag -Wold-style-definition in envvar CFLAGS
configure:5083: gcc -std=gnu99 -c -Wold-style-definition  conftest.c >&5
configure:5083: $? = 0
configure:5092: result: yes
configure:5072: checking if gcc -std=gnu99 supports flag -Wpointer-arith in envvar CFLAGS
configure:5083: gcc -std=gnu99 -c -Wpointer-arith  conftest.c >&5
configure:5083: $? = 0
configure:5092: result: yes
configure:5072: checking if gcc -std=gnu99 supports flag -Winit-self in envvar CFLAGS
configure:5083: gcc -std=gnu99 -c -Winit-self  conftest.c >&5
configure:5083: $? = 0
configure:5092: result: yes
configure:5072: checking if gcc -std=gnu99 supports flag -Wdeclaration-after-statement in envvar CFLAGS
configure:5083: gcc -std=gnu99 -c -Wdeclaration-after-statement  conftest.c >&5
configure:5083: $? = 0
configure:5092: result: yes
configure:5072: checking if gcc -std=gnu99 supports flag -Wfloat-equal in envvar CFLAGS
configure:5083: gcc -std=gnu99 -c -Wfloat-equal  conftest.c >&5
configure:5083: $? = 0
configure:5092: result: yes
configure:5072: checking if gcc -std=gnu99 supports flag -Wmissing-prototypes in envvar CFLAGS
configure:5083: gcc -std=gnu99 -c -Wmissing-prototypes  conftest.c >&5
configure:5083: $? = 0
configure:5092: result: yes
configure:5072: checking if gcc -std=gnu99 supports flag -Wstrict-prototypes in envvar CFLAGS
configure:5083: gcc -std=gnu99 -c -Wstrict-prototypes  conftest.c >&5
configure:5083: $? = 0
configure:5092: result: yes
configure:5072: checking if gcc -std=gnu99 supports flag -Wredundant-decls in envvar CFLAGS
configure:5083: gcc -std=gnu99 -c -Wredundant-decls  conftest.c >&5
configure:5083: $? = 0
configure:5092: result: yes
configure:5072: checking if gcc -std=gnu99 supports flag -Wmissing-declarations in envvar CFLAGS
configure:5083: gcc -std=gnu99 -c -Wmissing-declarations  conftest.c >&5
configure:5083: $? = 0
configure:5092: result: yes
configure:5072: checking if gcc -std=gnu99 supports flag -Wmissing-noreturn in envvar CFLAGS
configure:5083: gcc -std=gnu99 -c -Wmissing-noreturn  conftest.c >&5
configure:5083: $? = 0
configure:5092: result: yes
configure:5072: checking if gcc -std=gnu99 supports flag -Wshadow in envvar CFLAGS
configure:5083: gcc -std=gnu99 -c -Wshadow  conftest.c >&5
configure:5083: $? = 0
configure:5092: result: yes
configure:5072: checking if gcc -std=gnu99 supports flag -Wendif-labels in envvar CFLAGS
configure:5083: gcc -std=gnu99 -c -Wendif-labels  conftest.c >&5
configure:5083: $? = 0
configure:5092: result: yes
configure:5072: checking if gcc -std=gnu99 supports flag -Wcast-align in envvar CFLAGS
configure:5083: gcc -std=gnu99 -c -Wcast-align  conftest.c >&5
configure:5083: $? = 0
configure:5092: result: yes
configure:5072: checking if gcc -std=gnu99 supports flag -Wstrict-aliasing=2 in envvar CFLAGS
configure:5083: gcc -std=gnu99 -c -Wstrict-aliasing=2  conftest.c >&5
configure:5083: $? = 0
configure:5092: result: yes
configure:5072: checking if gcc -std=gnu99 supports flag -Wwrite-strings in envvar CFLAGS
configure:5083: gcc -std=gnu99 -c -Wwrite-strings  conftest.c >&5
configure:5083: $? = 0
configure:5092: result: yes
configure:5072: checking if gcc -std=gnu99 supports flag -Wno-long-long in envvar CFLAGS
configure:5083: gcc -std=gnu99 -c -Wno-long-long  conftest.c >&5
configure:5083: $? = 0
configure:5092: result: yes
configure:5072: checking if gcc -std=gnu99 supports flag -Wno-overlength-strings in envvar CFLAGS
configure:5083: gcc -std=gnu99 -c -Wno-overlength-strings  conftest.c >&5
configure:5083: $? = 0
configure:5092: result: yes
configure:5072: checking if gcc -std=gnu99 supports flag -Wno-unused-parameter in envvar CFLAGS
configure:5083: gcc -std=gnu99 -c -Wno-unused-parameter  conftest.c >&5
configure:5083: $? = 0
configure:5092: result: yes
configure:5072: checking if gcc -std=gnu99 supports flag -Wno-missing-field-initializers in envvar CFLAGS
configure:5083: gcc -std=gnu99 -c -Wno-missing-field-initializers  conftest.c >&5
configure:5083: $? = 0
configure:5092: result: yes
configure:5072: checking if gcc -std=gnu99 supports flag -Wno-unused-result in envvar CFLAGS
configure:5083: gcc -std=gnu99 -c -Wno-unused-result  conftest.c >&5
configure:5083: $? = 0
configure:5092: result: yes
configure:5072: checking if gcc -std=gnu99 supports flag -Wunsafe-loop-optimizations in envvar CFLAGS
configure:5083: gcc -std=gnu99 -c -Wunsafe-loop-optimizations  conftest.c >&5
configure:5083: $? = 0
configure:5092: result: yes
configure:5072: checking if gcc -std=gnu99 supports flag -Wpacked in envvar CFLAGS
configure:5083: gcc -std=gnu99 -c -Wpacked  conftest.c >&5
configure:5083: $? = 0
configure:5092: result: yes
configure:5072: checking if gcc -std=gnu99 supports flag -Werror=overflow in envvar CFLAGS
configure:5083: gcc -std=gnu99 -c -Werror=overflow  conftest.c >&5
configure:5083: $? = 0
configure:5092: result: yes
configure:5072: checking if gcc -std=gnu99 supports flag -Wp,-D_FORTIFY_SOURCE=2 in envvar CFLAGS
configure:5083: gcc -std=gnu99 -c -Wp,-D_FORTIFY_SOURCE=2  conftest.c >&5
configure:5083: $? = 0
configure:5092: result: yes
configure:5072: checking if gcc -std=gnu99 supports flag -ffast-math in envvar CFLAGS
configure:5083: gcc -std=gnu99 -c -ffast-math  conftest.c >&5
configure:5083: $? = 0
configure:5092: result: yes
configure:5072: checking if gcc -std=gnu99 supports flag -fno-common in envvar CFLAGS
configure:5083: gcc -std=gnu99 -c -fno-common  conftest.c >&5
configure:5083: $? = 0
configure:5092: result: yes
configure:5072: checking if gcc -std=gnu99 supports flag -fdiagnostics-show-option in envvar CFLAGS
configure:5083: gcc -std=gnu99 -c -fdiagnostics-show-option  conftest.c >&5
configure:5083: $? = 0
configure:5092: result: yes
configure:5072: checking if gcc -std=gnu99 supports flag -fno-strict-aliasing in envvar CFLAGS
configure:5083: gcc -std=gnu99 -c -fno-strict-aliasing  conftest.c >&5
configure:5083: $? = 0
configure:5092: result: yes
configure:5072: checking if gcc -std=gnu99 supports flag -ffunction-sections in envvar CFLAGS
configure:5083: gcc -std=gnu99 -c -ffunction-sections  conftest.c >&5
configure:5083: $? = 0
configure:5092: result: yes
configure:5072: checking if gcc -std=gnu99 supports flag -fdata-sections in envvar CFLAGS
configure:5083: gcc -std=gnu99 -c -fdata-sections  conftest.c >&5
configure:5083: $? = 0
configure:5092: result: yes
configure:5109: checking if gcc -std=gnu99 supports flag -Wl,--as-needed in envvar LDFLAGS
configure:5120: gcc -std=gnu99 -c -g -O2  conftest.c >&5
configure:5120: $? = 0
configure:5129: result: yes
configure:5109: checking if gcc -std=gnu99 supports flag -Wl,--gc-sections in envvar LDFLAGS
configure:5120: gcc -std=gnu99 -c -g -O2  conftest.c >&5
configure:5120: $? = 0
configure:5129: result: yes
configure:5195: checking for pkg-config
configure:5213: found /usr/bin/pkg-config
configure:5225: result: /usr/bin/pkg-config
configure:5250: checking pkg-config is at least version 0.9.0
configure:5253: result: yes
configure:5263: checking for LIBUDEV
configure:5270: $PKG_CONFIG --exists --print-errors "libudev >= 143"
configure:5273: $? = 0
configure:5287: $PKG_CONFIG --exists --print-errors "libudev >= 143"
configure:5290: $? = 0
configure:5348: result: yes
configure:5383: checking build system type
configure:5397: result: i686-pc-linux-gnu
configure:5417: checking host system type
configure:5430: result: i686-pc-linux-gnu
configure:5471: checking how to print strings
configure:5498: result: printf
configure:5519: checking for a sed that does not truncate output
configure:5583: result: /bin/sed
configure:5601: checking for fgrep
configure:5663: result: /bin/grep -F
configure:5698: checking for ld used by gcc -std=gnu99
configure:5765: result: /usr/i686-pc-linux-gnu/bin/ld
configure:5772: checking if the linker (/usr/i686-pc-linux-gnu/bin/ld) is GNU ld
configure:5787: result: yes
configure:5799: checking for BSD- or MS-compatible name lister (nm)
configure:5848: result: /usr/bin/nm -B
configure:5978: checking the name lister (/usr/bin/nm -B) interface
configure:5985: gcc -std=gnu99 -c -g -O2  conftest.c >&5
configure:5988: /usr/bin/nm -B "conftest.o"
configure:5991: output
00000000 B some_variable
configure:5998: result: BSD nm
configure:6001: checking whether ln -s works
configure:6005: result: yes
configure:6013: checking the maximum length of command line arguments
configure:6138: result: 1966080
configure:6155: checking whether the shell understands some XSI constructs
configure:6165: result: yes
configure:6169: checking whether the shell understands "+="
configure:6175: result: yes
configure:6210: checking how to convert i686-pc-linux-gnu file names to i686-pc-linux-gnu format
configure:6250: result: func_convert_file_noop
configure:6257: checking how to convert i686-pc-linux-gnu file names to toolchain format
configure:6277: result: func_convert_file_noop
configure:6284: checking for /usr/i686-pc-linux-gnu/bin/ld option to reload object files
configure:6291: result: -r
configure:6365: checking for objdump
configure:6381: found /usr/bin/objdump
configure:6392: result: objdump
configure:6424: checking how to recognize dependent libraries
configure:6626: result: pass_all
configure:6711: checking for dlltool
configure:6741: result: no
configure:6771: checking how to associate runtime and link libraries
configure:6798: result: printf %s\n
configure:6858: checking for ar
configure:6874: found /usr/bin/ar
configure:6885: result: ar
configure:6922: checking for archiver @FILE support
configure:6939: gcc -std=gnu99 -c -g -O2  conftest.c >&5
configure:6939: $? = 0
configure:6942: ar cru libconftest.a @conftest.lst >&5
configure:6945: $? = 0
configure:6950: ar cru libconftest.a @conftest.lst >&5
ar: conftest.o: No such file or directory
configure:6953: $? = 1
configure:6965: result: @
configure:7023: checking for strip
configure:7039: found /usr/bin/strip
configure:7050: result: strip
configure:7122: checking for ranlib
configure:7138: found /usr/bin/ranlib
configure:7149: result: ranlib
configure:7251: checking command to parse /usr/bin/nm -B output from gcc -std=gnu99 object
configure:7370: gcc -std=gnu99 -c -g -O2  conftest.c >&5
configure:7373: $? = 0
configure:7377: /usr/bin/nm -B conftest.o \| sed -n -e 's/^.*[ ]\([ABCDGIRSTW][ABCDGIRSTW]*\)[ ][ ]*\([_A-Za-z][_A-Za-z0-9]*\)$/\1 \2 \2/p' | sed '/ __gnu_lto/d' \> conftest.nm
configure:7380: $? = 0
configure:7446: gcc -std=gnu99 -o conftest -g -O2   conftest.c conftstm.o >&5
configure:7449: $? = 0
configure:7487: result: ok
configure:7524: checking for sysroot
configure:7554: result: no
configure:7797: checking for mt
configure:7827: result: no
configure:7847: checking if : is a manifest tool
configure:7853: : '-?'
configure:7861: result: no
configure:8490: checking for dlfcn.h
configure:8490: gcc -std=gnu99 -c -g -O2  conftest.c >&5
configure:8490: $? = 0
configure:8490: result: yes
configure:8676: checking for objdir
configure:8691: result: .libs
configure:8962: checking if gcc -std=gnu99 supports -fno-rtti -fno-exceptions
configure:8980: gcc -std=gnu99 -c -g -O2  -fno-rtti -fno-exceptions conftest.c >&5
cc1: warning: command line option '-fno-rtti' is valid for C++/ObjC++ but not for C [enabled by default]
configure:8984: $? = 0
configure:8997: result: no
configure:9307: checking for gcc -std=gnu99 option to produce PIC
configure:9314: result: -fPIC -DPIC
configure:9322: checking if gcc -std=gnu99 PIC flag -fPIC -DPIC works
configure:9340: gcc -std=gnu99 -c -g -O2  -fPIC -DPIC -DPIC conftest.c >&5
configure:9344: $? = 0
configure:9357: result: yes
configure:9386: checking if gcc -std=gnu99 static flag -static works
configure:9414: result: yes
configure:9429: checking if gcc -std=gnu99 supports -c -o file.o
configure:9450: gcc -std=gnu99 -c -g -O2  -o out/conftest2.o conftest.c >&5
configure:9454: $? = 0
configure:9476: result: yes
configure:9484: checking if gcc -std=gnu99 supports -c -o file.o
configure:9531: result: yes
configure:9564: checking whether the gcc -std=gnu99 linker (/usr/i686-pc-linux-gnu/bin/ld) supports shared libraries
configure:10722: result: yes
configure:10759: checking whether -lc should be explicitly linked in
configure:10767: gcc -std=gnu99 -c -g -O2  conftest.c >&5
configure:10770: $? = 0
configure:10785: gcc -std=gnu99 -shared  -fPIC -DPIC conftest.o  -v -Wl,-soname -Wl,conftest -o conftest 2\>\&1 \| /bin/grep  -lc  \>/dev/null 2\>\&1
configure:10788: $? = 0
configure:10802: result: no
configure:10967: checking dynamic linker characteristics
configure:11494: gcc -std=gnu99 -o conftest -g -O2   -Wl,-rpath -Wl,/foo conftest.c  >&5
configure:11494: $? = 0
configure:11716: result: GNU/Linux ld.so
configure:11823: checking how to hardcode library paths into programs
configure:11848: result: immediate
configure:12388: checking whether stripping libraries is possible
configure:12393: result: yes
configure:12428: checking if libtool supports shared libraries
configure:12430: result: yes
configure:12433: checking whether to build shared libraries
configure:12454: result: yes
configure:12457: checking whether to build static libraries
configure:12461: result: no
configure:12609: checking that generated files are newer than configure
configure:12615: result: done
configure:12638: creating ./config.status

## ---------------------- ##
## Running config.status. ##
## ---------------------- ##

This file was extended by libatasmart config.status 0.19, which was
generated by GNU Autoconf 2.69.  Invocation command line was

  CONFIG_FILES    = 
  CONFIG_HEADERS  = 
  CONFIG_LINKS    = 
  CONFIG_COMMANDS = 
  $ ./config.status 

on finx28

config.status:1105: creating Makefile
config.status:1105: creating strpool/Makefile
config.status:1105: creating libatasmart.pc
config.status:1105: creating config.h
config.status:1286: config.h is unchanged
config.status:1334: executing depfiles commands
config.status:1334: executing libtool commands

## ---------------- ##
## Cache variables. ##
## ---------------- ##

ac_cv_build=i686-pc-linux-gnu
ac_cv_c_compiler_gnu=yes
ac_cv_env_BUILD_CFLAGS_set=
ac_cv_env_BUILD_CFLAGS_value=
ac_cv_env_BUILD_LDFLAGS_set=
ac_cv_env_BUILD_LDFLAGS_value=
ac_cv_env_CC_FOR_BUILD_set=
ac_cv_env_CC_FOR_BUILD_value=
ac_cv_env_CC_set=
ac_cv_env_CC_value=
ac_cv_env_CFLAGS_set=
ac_cv_env_CFLAGS_value=
ac_cv_env_CPPFLAGS_set=
ac_cv_env_CPPFLAGS_value=
ac_cv_env_CPP_set=
ac_cv_env_CPP_value=
ac_cv_env_LDFLAGS_set=
ac_cv_env_LDFLAGS_value=
ac_cv_env_LIBS_set=
ac_cv_env_LIBS_value=
ac_cv_env_LIBUDEV_CFLAGS_set=
ac_cv_env_LIBUDEV_CFLAGS_value=
ac_cv_env_LIBUDEV_LIBS_set=
ac_cv_env_LIBUDEV_LIBS_value=
ac_cv_env_PKG_CONFIG_LIBDIR_set=
ac_cv_env_PKG_CONFIG_LIBDIR_value=
ac_cv_env_PKG_CONFIG_PATH_set=
ac_cv_env_PKG_CONFIG_PATH_value=
ac_cv_env_PKG_CONFIG_set=
ac_cv_env_PKG_CONFIG_value=
ac_cv_env_build_alias_set=
ac_cv_env_build_alias_value=
ac_cv_env_host_alias_set=
ac_cv_env_host_alias_value=
ac_cv_env_target_alias_set=
ac_cv_env_target_alias_value=
ac_cv_header_dlfcn_h=yes
ac_cv_header_inttypes_h=yes
ac_cv_header_memory_h=yes
ac_cv_header_minix_config_h=no
ac_cv_header_stdc=yes
ac_cv_header_stdint_h=yes
ac_cv_header_stdlib_h=yes
ac_cv_header_string_h=yes
ac_cv_header_strings_h=yes
ac_cv_header_sys_stat_h=yes
ac_cv_header_sys_types_h=yes
ac_cv_header_unistd_h=yes
ac_cv_host=i686-pc-linux-gnu
ac_cv_objext=o
ac_cv_path_EGREP='/bin/grep -E'
ac_cv_path_FGREP='/bin/grep -F'
ac_cv_path_GREP=/bin/grep
ac_cv_path_SED=/bin/sed
ac_cv_path_ac_pt_PKG_CONFIG=/usr/bin/pkg-config
ac_cv_path_install='/usr/bin/install -c'
ac_cv_path_mkdir=/bin/mkdir
ac_cv_prog_AWK=gawk
ac_cv_prog_CPP='gcc -std=gnu99 -E'
ac_cv_prog_ac_ct_AR=ar
ac_cv_prog_ac_ct_CC=gcc
ac_cv_prog_ac_ct_OBJDUMP=objdump
ac_cv_prog_ac_ct_RANLIB=ranlib
ac_cv_prog_ac_ct_STRIP=strip
ac_cv_prog_cc_c89=
ac_cv_prog_cc_c99=-std=gnu99
ac_cv_prog_cc_g=yes
ac_cv_prog_cc_gcc_c_o=yes
ac_cv_prog_gcc_traditional=no
ac_cv_prog_make_make_set=yes
ac_cv_safe_to_define___extensions__=yes
ac_cv_sys_file_offset_bits=64
ac_cv_sys_largefile_CC=no
am_cv_CC_dependencies_compiler_type=gcc3
am_cv_make_support_nested_variables=yes
am_cv_prog_tar_pax=gnutar
cc_cv_CFLAGS__W=yes
cc_cv_CFLAGS__Wall=yes
cc_cv_CFLAGS__Wcast_align=yes
cc_cv_CFLAGS__Wdeclaration_after_statement=yes
cc_cv_CFLAGS__Wendif_labels=yes
cc_cv_CFLAGS__Werror_overflow=yes
cc_cv_CFLAGS__Wextra=yes
cc_cv_CFLAGS__Wfloat_equal=yes
cc_cv_CFLAGS__Wformat_2=yes
cc_cv_CFLAGS__Wformat_nonliteral=yes
cc_cv_CFLAGS__Wformat_security=yes
cc_cv_CFLAGS__Winit_self=yes
cc_cv_CFLAGS__Winline=yes
cc_cv_CFLAGS__Wlogical_op=yes
cc_cv_CFLAGS__Wmissing_declarations=yes
cc_cv_CFLAGS__Wmissing_include_dirs=yes
cc_cv_CFLAGS__Wmissing_noreturn=yes
cc_cv_CFLAGS__Wmissing_prototypes=yes
cc_cv_CFLAGS__Wno_long_long=yes
cc_cv_CFLAGS__Wno_missing_field_initializers=yes
cc_cv_CFLAGS__Wno_overlength_strings=yes
cc_cv_CFLAGS__Wno_unused_parameter=yes
cc_cv_CFLAGS__Wno_unused_result=yes
cc_cv_CFLAGS__Wold_style_definition=yes
cc_cv_CFLAGS__Wp__D_FORTIFY_SOURCE_2=yes
cc_cv_CFLAGS__Wpacked=yes
cc_cv_CFLAGS__Wpointer_arith=yes
cc_cv_CFLAGS__Wredundant_decls=yes
cc_cv_CFLAGS__Wshadow=yes
cc_cv_CFLAGS__Wsign_compare=yes
cc_cv_CFLAGS__Wstrict_aliasing_2=yes
cc_cv_CFLAGS__Wstrict_prototypes=yes
cc_cv_CFLAGS__Wundef=yes
cc_cv_CFLAGS__Wunsafe_loop_optimizations=yes
cc_cv_CFLAGS__Wvla=yes
cc_cv_CFLAGS__Wwrite_strings=yes
cc_cv_CFLAGS__fdata_sections=yes
cc_cv_CFLAGS__fdiagnostics_show_option=yes
cc_cv_CFLAGS__ffast_math=yes
cc_cv_CFLAGS__ffunction_sections=yes
cc_cv_CFLAGS__fno_common=yes
cc_cv_CFLAGS__fno_strict_aliasing=yes
cc_cv_CFLAGS__pipe=yes
cc_cv_LDFLAGS__Wl___as_needed=yes
cc_cv_LDFLAGS__Wl___gc_sections=yes
lt_cv_ar_at_file=@
lt_cv_archive_cmds_need_lc=no
lt_cv_deplibs_check_method=pass_all
lt_cv_file_magic_cmd='$MAGIC_CMD'
lt_cv_file_magic_test_file=
lt_cv_ld_reload_flag=-r
lt_cv_nm_interface='BSD nm'
lt_cv_objdir=.libs
lt_cv_path_LD=/usr/i686-pc-linux-gnu/bin/ld
lt_cv_path_NM='/usr/bin/nm -B'
lt_cv_path_mainfest_tool=no
lt_cv_prog_compiler_c_o=yes
lt_cv_prog_compiler_pic='-fPIC -DPIC'
lt_cv_prog_compiler_pic_works=yes
lt_cv_prog_compiler_rtti_exceptions=no
lt_cv_prog_compiler_static_works=yes
lt_cv_prog_gnu_ld=yes
lt_cv_sharedlib_from_linklib_cmd='printf %s\n'
lt_cv_shlibpath_overrides_runpath=yes
lt_cv_sys_global_symbol_pipe='sed -n -e '\''s/^.*[	 ]\([ABCDGIRSTW][ABCDGIRSTW]*\)[	 ][	 ]*\([_A-Za-z][_A-Za-z0-9]*\)$/\1 \2 \2/p'\'' | sed '\''/ __gnu_lto/d'\'''
lt_cv_sys_global_symbol_to_c_name_address='sed -n -e '\''s/^: \([^ ]*\)[ ]*$/  {\"\1\", (void *) 0},/p'\'' -e '\''s/^[ABCDGIRSTW]* \([^ ]*\) \([^ ]*\)$/  {"\2", (void *) \&\2},/p'\'''
lt_cv_sys_global_symbol_to_c_name_address_lib_prefix='sed -n -e '\''s/^: \([^ ]*\)[ ]*$/  {\"\1\", (void *) 0},/p'\'' -e '\''s/^[ABCDGIRSTW]* \([^ ]*\) \(lib[^ ]*\)$/  {"\2", (void *) \&\2},/p'\'' -e '\''s/^[ABCDGIRSTW]* \([^ ]*\) \([^ ]*\)$/  {"lib\2", (void *) \&\2},/p'\'''
lt_cv_sys_global_symbol_to_cdecl='sed -n -e '\''s/^T .* \(.*\)$/extern int \1();/p'\'' -e '\''s/^[ABCDGIRSTW]* .* \(.*\)$/extern char \1;/p'\'''
lt_cv_sys_max_cmd_len=1966080
lt_cv_to_host_file_cmd=func_convert_file_noop
lt_cv_to_tool_file_cmd=func_convert_file_noop
pkg_cv_LIBUDEV_CFLAGS=
pkg_cv_LIBUDEV_LIBS='-ludev '

## ----------------- ##
## Output variables. ##
## ----------------- ##

ACLOCAL='${SHELL} /root/Desktop/LUCA/DIAG/libatasmart-master/build-aux/missing --run aclocal-1.12'
AMDEPBACKSLASH='\'
AMDEP_FALSE='#'
AMDEP_TRUE=''
AMTAR='$${TAR-tar}'
AM_BACKSLASH='\'
AM_DEFAULT_V='$(AM_DEFAULT_VERBOSITY)'
AM_DEFAULT_VERBOSITY='0'
AM_V='$(V)'
AR='ar'
AUTOCONF='${SHELL} /root/Desktop/LUCA/DIAG/libatasmart-master/build-aux/missing --run autoconf'
AUTOHEADER='${SHELL} /root/Desktop/LUCA/DIAG/libatasmart-master/build-aux/missing --run autoheader'
AUTOMAKE='${SHELL} /root/Desktop/LUCA/DIAG/libatasmart-master/build-aux/missing --run automake-1.12'
AWK='gawk'
BUILD_CFLAGS='-g -O2'
BUILD_LDFLAGS=''
CC='gcc -std=gnu99'
CCDEPMODE='depmode=gcc3'
CC_FOR_BUILD='gcc -std=gnu99'
CFLAGS='-g -O2'
CPP='gcc -std=gnu99 -E'
CPPFLAGS=''
CYGPATH_W='echo'
DEFS='-DHAVE_CONFIG_H'
DEPDIR='.deps'
DLLTOOL='false'
DSYMUTIL=''
DUMPBIN=''
ECHO_C=''
ECHO_N='-n'
ECHO_T=''
EGREP='/bin/grep -E'
EXEEXT=''
EXEEXT_FOR_BUILD='$(EXEEXT)'
FGREP='/bin/grep -F'
GCLDFLAGS=' -Wl,--as-needed -Wl,--gc-sections'
GREP='/bin/grep'
INSTALL_DATA='${INSTALL} -m 644'
INSTALL_PROGRAM='${INSTALL}'
INSTALL_SCRIPT='${INSTALL}'
INSTALL_STRIP_PROGRAM='$(install_sh) -c -s'
LD='/usr/i686-pc-linux-gnu/bin/ld'
LDFLAGS=''
LIBATASMART_VERSION_INFO='4:5:0'
LIBOBJS=''
LIBS=''
LIBTOOL='$(SHELL) $(top_builddir)/libtool'
LIBUDEV_CFLAGS=''
LIBUDEV_LIBS='-ludev '
LIPO=''
LN_S='ln -s'
LTLIBOBJS=''
MAKEINFO='${SHELL} /root/Desktop/LUCA/DIAG/libatasmart-master/build-aux/missing --run makeinfo'
MANIFEST_TOOL=':'
MKDIR_P='/bin/mkdir -p'
NM='/usr/bin/nm -B'
NMEDIT=''
OBJDUMP='objdump'
OBJEXT='o'
OTOOL64=''
OTOOL=''
PACKAGE='libatasmart'
PACKAGE_BUGREPORT='mzyvongnfzneg (at) 0pointer (dot) net'
PACKAGE_NAME='libatasmart'
PACKAGE_STRING='libatasmart 0.19'
PACKAGE_TARNAME='libatasmart'
PACKAGE_URL='http://git.0pointer.de/?p=libatasmart.git'
PACKAGE_VERSION='0.19'
PATH_SEPARATOR=':'
PKG_CONFIG='/usr/bin/pkg-config'
PKG_CONFIG_LIBDIR=''
PKG_CONFIG_PATH=''
RANLIB='ranlib'
SED='/bin/sed'
SET_MAKE=''
SHELL='/bin/sh'
STRIP='strip'
VERSION='0.19'
WARNINGFLAGS=' -pipe -Wall -W -Wextra -Winline -Wvla -Wundef -Wformat=2 -Wlogical-op -Wsign-compare -Wformat-security -Wmissing-include-dirs -Wformat-nonliteral -Wold-style-definition -Wpointer-arith -Winit-self -Wdeclaration-after-statement -Wfloat-equal -Wmissing-prototypes -Wstrict-prototypes -Wredundant-decls -Wmissing-declarations -Wmissing-noreturn -Wshadow -Wendif-labels -Wcast-align -Wstrict-aliasing=2 -Wwrite-strings -Wno-long-long -Wno-overlength-strings -Wno-unused-parameter -Wno-missing-field-initializers -Wno-unused-result -Wunsafe-loop-optimizations -Wpacked -Werror=overflow -Wp,-D_FORTIFY_SOURCE=2 -ffast-math -fno-common -fdiagnostics-show-option -fno-strict-aliasing -ffunction-sections -fdata-sections'
ac_ct_AR='ar'
ac_ct_CC='gcc'
ac_ct_DUMPBIN=''
am__EXEEXT_FALSE=''
am__EXEEXT_TRUE='#'
am__fastdepCC_FALSE='#'
am__fastdepCC_TRUE=''
am__include='include'
am__isrc=''
am__leading_dot='.'
am__nodep='_no'
am__quote=''
am__tar='tar --format=posix -chf - "$$tardir"'
am__untar='tar -xf -'
bindir='${exec_prefix}/bin'
build='i686-pc-linux-gnu'
build_alias=''
build_cpu='i686'
build_os='linux-gnu'
build_vendor='pc'
datadir='${datarootdir}'
datarootdir='${prefix}/share'
docdir='${datarootdir}/doc/${PACKAGE_TARNAME}'
dvidir='${docdir}'
exec_prefix='${prefix}'
host='i686-pc-linux-gnu'
host_alias=''
host_cpu='i686'
host_os='linux-gnu'
host_vendor='pc'
htmldir='${docdir}'
includedir='${prefix}/include'
infodir='${datarootdir}/info'
install_sh='${SHELL} /root/Desktop/LUCA/DIAG/libatasmart-master/build-aux/install-sh'
libdir='${exec_prefix}/lib'
libexecdir='${exec_prefix}/libexec'
localedir='${datarootdir}/locale'
localstatedir='${prefix}/var'
mandir='${datarootdir}/man'
mkdir_p='$(MKDIR_P)'
oldincludedir='/usr/include'
pdfdir='${docdir}'
prefix='/usr/local'
program_transform_name='s,x,x,'
psdir='${docdir}'
sbindir='${exec_prefix}/sbin'
sharedstatedir='${prefix}/com'
sysconfdir='${prefix}/etc'
target_alias=''

## ----------- ##
## confdefs.h. ##
## ----------- ##

/* confdefs.h */
#define PACKAGE_NAME "libatasmart"
#define PACKAGE_TARNAME "libatasmart"
#define PACKAGE_VERSION "0.19"
#define PACKAGE_STRING "libatasmart 0.19"
#define PACKAGE_BUGREPORT "mzyvongnfzneg (at) 0pointer (dot) net"
#define PACKAGE_URL "http://git.0pointer.de/?p=libatasmart.git"
#define PACKAGE "libatasmart"
#define VERSION "0.19"
#define STDC_HEADERS 1
#define HAVE_SYS_TYPES_H 1
#define HAVE_SYS_STAT_H 1
#define HAVE_STDLIB_H 1
#define HAVE_STRING_H 1
#define HAVE_MEMORY_H 1
#define HAVE_STRINGS_H 1
#define HAVE_INTTYPES_H 1
#define HAVE_STDINT_H 1
#define HAVE_UNISTD_H 1
#define __EXTENSIONS__ 1
#define _ALL_SOURCE 1
#define _GNU_SOURCE 1
#define _POSIX_PTHREAD_SEMANTICS 1
#define _TANDEM_SOURCE 1
#define _FILE_OFFSET_BITS 64
#define HAVE_DLFCN_H 1
#define LT_OBJDIR ".libs/"

configure: exit 0
